<?xml version="1.0" encoding="UTF-8"?>
<testsuite name="home.springbootdeveloper.SpringbootdeveloperApplicationTests" tests="1" skipped="0" failures="0" errors="0" timestamp="2024-07-02T01:33:05" hostname="DESKTOP-K28F4P2" time="0.748">
  <properties/>
  <testcase name="contextLoads()" classname="home.springbootdeveloper.SpringbootdeveloperApplicationTests" time="0.748"/>
  <system-out><![CDATA[10:32:58.604 [Test worker] INFO org.springframework.test.context.support.AnnotationConfigContextLoaderUtils -- Could not detect default configuration classes for test class [home.springbootdeveloper.SpringbootdeveloperApplicationTests]: SpringbootdeveloperApplicationTests does not declare any static, non-private, non-final, nested classes annotated with @Configuration.
10:32:58.825 [Test worker] INFO org.springframework.boot.test.context.SpringBootTestContextBootstrapper -- Found @SpringBootConfiguration home.springbootdeveloper.SpringbootdeveloperApplication for test class home.springbootdeveloper.SpringbootdeveloperApplicationTests

  .   ____          _            __ _ _
 /\\ / ___'_ __ _ _(_)_ __  __ _ \ \ \ \
( ( )\___ | '_ | '_| | '_ \/ _` | \ \ \ \
 \\/  ___)| |_)| | | | | || (_| |  ) ) ) )
  '  |____| .__|_| |_|_| |_\__, | / / / /
 =========|_|==============|___/=/_/_/_/
 :: Spring Boot ::                (v3.2.0)

2024-07-02T10:32:59.492+09:00  INFO 6140 --- [    Test worker] h.s.SpringbootdeveloperApplicationTests  : Starting SpringbootdeveloperApplicationTests using Java 17.0.11 with PID 6140 (started by EZEN in C:\kyung_a\myhomepage\springbootdeveloper)
2024-07-02T10:32:59.492+09:00  INFO 6140 --- [    Test worker] h.s.SpringbootdeveloperApplicationTests  : No active profile set, falling back to 1 default profile: "default"
2024-07-02T10:33:00.581+09:00  INFO 6140 --- [    Test worker] .s.d.r.c.RepositoryConfigurationDelegate : Bootstrapping Spring Data JPA repositories in DEFAULT mode.
2024-07-02T10:33:00.676+09:00  INFO 6140 --- [    Test worker] .s.d.r.c.RepositoryConfigurationDelegate : Finished Spring Data repository scanning in 80 ms. Found 3 JPA repository interfaces.
2024-07-02T10:33:01.338+09:00  INFO 6140 --- [    Test worker] com.zaxxer.hikari.HikariDataSource       : HikariPool-1 - Starting...
2024-07-02T10:33:01.636+09:00  INFO 6140 --- [    Test worker] com.zaxxer.hikari.pool.HikariPool        : HikariPool-1 - Added connection conn0: url=jdbc:h2:mem:611609a0-0c29-4bee-9dfa-8d8feee4eb86 user=SA
2024-07-02T10:33:01.636+09:00  INFO 6140 --- [    Test worker] com.zaxxer.hikari.HikariDataSource       : HikariPool-1 - Start completed.
2024-07-02T10:33:01.730+09:00  INFO 6140 --- [    Test worker] o.hibernate.jpa.internal.util.LogHelper  : HHH000204: Processing PersistenceUnitInfo [name: default]
2024-07-02T10:33:01.839+09:00  INFO 6140 --- [    Test worker] org.hibernate.Version                    : HHH000412: Hibernate ORM core version 6.3.1.Final
2024-07-02T10:33:01.917+09:00  INFO 6140 --- [    Test worker] o.h.c.internal.RegionFactoryInitiator    : HHH000026: Second-level cache disabled
2024-07-02T10:33:02.350+09:00  INFO 6140 --- [    Test worker] o.s.o.j.p.SpringPersistenceUnitInfo      : No LoadTimeWeaver setup: ignoring JPA class transformer
2024-07-02T10:33:03.616+09:00  INFO 6140 --- [    Test worker] o.h.e.t.j.p.i.JtaPlatformInitiator       : HHH000489: No JTA platform available (set 'hibernate.transaction.jta.platform' to enable JTA platform integration)
Hibernate: 
    drop table if exists article cascade 
Hibernate: 
    drop table if exists refresh_token cascade 
Hibernate: 
    drop table if exists users cascade 
Hibernate: 
    create table article (
        created_at timestamp(6),
        id bigint generated by default as identity,
        updated_at timestamp(6),
        author varchar(255) not null,
        content varchar(255) not null,
        title varchar(255) not null,
        primary key (id)
    )
Hibernate: 
    create table refresh_token (
        id bigint generated by default as identity,
        user_id bigint not null unique,
        refresh_token varchar(255) not null,
        primary key (id)
    )
Hibernate: 
    create table users (
        id bigint generated by default as identity,
        email varchar(255) not null unique,
        nickname varchar(255) unique,
        password varchar(255),
        primary key (id)
    )
2024-07-02T10:33:03.694+09:00  INFO 6140 --- [    Test worker] j.LocalContainerEntityManagerFactoryBean : Initialized JPA EntityManagerFactory for persistence unit 'default'
2024-07-02T10:33:04.321+09:00  WARN 6140 --- [    Test worker] JpaBaseConfiguration$JpaWebConfiguration : spring.jpa.open-in-view is enabled by default. Therefore, database queries may be performed during view rendering. Explicitly configure spring.jpa.open-in-view to disable this warning
2024-07-02T10:33:04.948+09:00  INFO 6140 --- [    Test worker] o.s.s.web.DefaultSecurityFilterChain     : Will secure any request with [org.springframework.security.web.session.DisableEncodeUrlFilter@709c6768, org.springframework.security.web.context.request.async.WebAsyncManagerIntegrationFilter@3e356ed6, org.springframework.security.web.context.SecurityContextHolderFilter@18419ab7, org.springframework.security.web.header.HeaderWriterFilter@8dd0c70, org.springframework.web.filter.CorsFilter@403b7be3, org.springframework.security.oauth2.client.web.OAuth2AuthorizationRequestRedirectFilter@7bbe5548, org.springframework.security.oauth2.client.web.OAuth2LoginAuthenticationFilter@42a198dd, home.springbootdeveloper.springbootdeveloper.config.TokenAuthenticationFilter@70fcd3e5, org.springframework.security.web.savedrequest.RequestCacheAwareFilter@57cc0333, org.springframework.security.web.servletapi.SecurityContextHolderAwareRequestFilter@4e22dadb, org.springframework.security.web.authentication.AnonymousAuthenticationFilter@2a5d9ede, org.springframework.security.web.session.SessionManagementFilter@7fd7085d, org.springframework.security.web.access.ExceptionTranslationFilter@27d44578, org.springframework.security.web.access.intercept.FilterSecurityInterceptor@13f255ed]
2024-07-02T10:33:05.565+09:00  INFO 6140 --- [    Test worker] o.s.b.a.h2.H2ConsoleAutoConfiguration    : H2 console available at '/h2-console'. Database available at 'jdbc:h2:mem:611609a0-0c29-4bee-9dfa-8d8feee4eb86'
2024-07-02T10:33:05.659+09:00  WARN 6140 --- [    Test worker] o.s.s.c.a.web.builders.WebSecurity       : You are asking Spring Security to ignore org.springframework.boot.autoconfigure.security.servlet.PathRequest$H2ConsoleRequestMatcher@2bb03136. This is not recommended -- please use permitAll via HttpSecurity#authorizeHttpRequests instead.
2024-07-02T10:33:05.659+09:00  INFO 6140 --- [    Test worker] o.s.s.web.DefaultSecurityFilterChain     : Will not secure org.springframework.boot.autoconfigure.security.servlet.PathRequest$H2ConsoleRequestMatcher@2bb03136
2024-07-02T10:33:05.659+09:00  WARN 6140 --- [    Test worker] o.s.s.c.a.web.builders.WebSecurity       : You are asking Spring Security to ignore Ant [pattern='/img/**']. This is not recommended -- please use permitAll via HttpSecurity#authorizeHttpRequests instead.
2024-07-02T10:33:05.659+09:00  INFO 6140 --- [    Test worker] o.s.s.web.DefaultSecurityFilterChain     : Will not secure Ant [pattern='/img/**']
2024-07-02T10:33:05.659+09:00  WARN 6140 --- [    Test worker] o.s.s.c.a.web.builders.WebSecurity       : You are asking Spring Security to ignore Ant [pattern='/css/**']. This is not recommended -- please use permitAll via HttpSecurity#authorizeHttpRequests instead.
2024-07-02T10:33:05.659+09:00  INFO 6140 --- [    Test worker] o.s.s.web.DefaultSecurityFilterChain     : Will not secure Ant [pattern='/css/**']
2024-07-02T10:33:05.659+09:00  WARN 6140 --- [    Test worker] o.s.s.c.a.web.builders.WebSecurity       : You are asking Spring Security to ignore Ant [pattern='/js/**']. This is not recommended -- please use permitAll via HttpSecurity#authorizeHttpRequests instead.
2024-07-02T10:33:05.659+09:00  INFO 6140 --- [    Test worker] o.s.s.web.DefaultSecurityFilterChain     : Will not secure Ant [pattern='/js/**']
2024-07-02T10:33:05.789+09:00  INFO 6140 --- [    Test worker] h.s.SpringbootdeveloperApplicationTests  : Started SpringbootdeveloperApplicationTests in 6.721 seconds (process running for 8.453)
]]></system-out>
  <system-err><![CDATA[]]></system-err>
</testsuite>
