<?xml version="1.0" encoding="UTF-8"?>
<testsuite name="home.springbootdeveloper.controller.BlogApiControllerTest" tests="5" skipped="0" failures="0" errors="0" timestamp="2024-07-02T04:02:07" hostname="DESKTOP-K28F4P2" time="0.922">
  <properties/>
  <testcase name="deleteArticle: 아티클 삭제에 성공한다." classname="home.springbootdeveloper.controller.BlogApiControllerTest" time="0.298"/>
  <testcase name="findArticle: 아티클 단건 조회에 성공한다." classname="home.springbootdeveloper.controller.BlogApiControllerTest" time="0.145"/>
  <testcase name="findAllArticles: 아티클 목록 조회에 성공한다." classname="home.springbootdeveloper.controller.BlogApiControllerTest" time="0.042"/>
  <testcase name="addArticle: 아티클 추가에 성공한다." classname="home.springbootdeveloper.controller.BlogApiControllerTest" time="0.371"/>
  <testcase name="updateArticle: 아티클 수정에 성공한다." classname="home.springbootdeveloper.controller.BlogApiControllerTest" time="0.055"/>
  <system-out><![CDATA[2024-07-02T13:02:06.751+09:00  INFO 14820 --- [    Test worker] t.c.s.AnnotationConfigContextLoaderUtils : Could not detect default configuration classes for test class [home.springbootdeveloper.controller.BlogApiControllerTest]: BlogApiControllerTest does not declare any static, non-private, non-final, nested classes annotated with @Configuration.
2024-07-02T13:02:06.769+09:00  INFO 14820 --- [    Test worker] .b.t.c.SpringBootTestContextBootstrapper : Found @SpringBootConfiguration home.springbootdeveloper.SpringbootdeveloperApplication for test class home.springbootdeveloper.controller.BlogApiControllerTest

  .   ____          _            __ _ _
 /\\ / ___'_ __ _ _(_)_ __  __ _ \ \ \ \
( ( )\___ | '_ | '_| | '_ \/ _` | \ \ \ \
 \\/  ___)| |_)| | | | | || (_| |  ) ) ) )
  '  |____| .__|_| |_|_| |_\__, | / / / /
 =========|_|==============|___/=/_/_/_/
 :: Spring Boot ::                (v3.2.0)

2024-07-02T13:02:06.852+09:00  INFO 14820 --- [    Test worker] h.s.controller.BlogApiControllerTest     : Starting BlogApiControllerTest using Java 17.0.11 with PID 14820 (started by EZEN in C:\kyung_a\myhomepage\springboot)
2024-07-02T13:02:06.853+09:00  INFO 14820 --- [    Test worker] h.s.controller.BlogApiControllerTest     : No active profile set, falling back to 1 default profile: "default"
2024-07-02T13:02:07.161+09:00  INFO 14820 --- [    Test worker] .s.d.r.c.RepositoryConfigurationDelegate : Bootstrapping Spring Data JPA repositories in DEFAULT mode.
2024-07-02T13:02:07.189+09:00  INFO 14820 --- [    Test worker] .s.d.r.c.RepositoryConfigurationDelegate : Finished Spring Data repository scanning in 27 ms. Found 3 JPA repository interfaces.
2024-07-02T13:02:07.330+09:00  INFO 14820 --- [    Test worker] com.zaxxer.hikari.HikariDataSource       : HikariPool-2 - Starting...
2024-07-02T13:02:07.334+09:00  INFO 14820 --- [    Test worker] com.zaxxer.hikari.pool.HikariPool        : HikariPool-2 - Added connection conn10: url=jdbc:h2:mem:87f18375-0b3b-44d3-8561-7e6e0c2c3156 user=SA
2024-07-02T13:02:07.334+09:00  INFO 14820 --- [    Test worker] com.zaxxer.hikari.HikariDataSource       : HikariPool-2 - Start completed.
2024-07-02T13:02:07.339+09:00  INFO 14820 --- [    Test worker] o.hibernate.jpa.internal.util.LogHelper  : HHH000204: Processing PersistenceUnitInfo [name: default]
2024-07-02T13:02:07.349+09:00  INFO 14820 --- [    Test worker] o.h.c.internal.RegionFactoryInitiator    : HHH000026: Second-level cache disabled
2024-07-02T13:02:07.364+09:00  INFO 14820 --- [    Test worker] o.s.o.j.p.SpringPersistenceUnitInfo      : No LoadTimeWeaver setup: ignoring JPA class transformer
2024-07-02T13:02:07.444+09:00  INFO 14820 --- [    Test worker] o.h.e.t.j.p.i.JtaPlatformInitiator       : HHH000489: No JTA platform available (set 'hibernate.transaction.jta.platform' to enable JTA platform integration)
Hibernate: 
    drop table if exists article cascade 
Hibernate: 
    drop table if exists refresh_token cascade 
Hibernate: 
    drop table if exists users cascade 
Hibernate: 
    create table article (
        created_at timestamp(6),
        id bigint generated by default as identity,
        updated_at timestamp(6),
        author varchar(255) not null,
        content varchar(255) not null,
        title varchar(255) not null,
        primary key (id)
    )
Hibernate: 
    create table refresh_token (
        id bigint generated by default as identity,
        user_id bigint not null unique,
        refresh_token varchar(255) not null,
        primary key (id)
    )
Hibernate: 
    create table users (
        id bigint generated by default as identity,
        email varchar(255) not null unique,
        nickname varchar(255) unique,
        password varchar(255),
        primary key (id)
    )
2024-07-02T13:02:07.460+09:00  INFO 14820 --- [    Test worker] j.LocalContainerEntityManagerFactoryBean : Initialized JPA EntityManagerFactory for persistence unit 'default'
2024-07-02T13:02:07.596+09:00  WARN 14820 --- [    Test worker] JpaBaseConfiguration$JpaWebConfiguration : spring.jpa.open-in-view is enabled by default. Therefore, database queries may be performed during view rendering. Explicitly configure spring.jpa.open-in-view to disable this warning
2024-07-02T13:02:07.727+09:00  INFO 14820 --- [    Test worker] o.s.s.web.DefaultSecurityFilterChain     : Will secure any request with [org.springframework.security.web.session.DisableEncodeUrlFilter@5f7cc6fd, org.springframework.security.web.context.request.async.WebAsyncManagerIntegrationFilter@2b35dde3, org.springframework.security.web.context.SecurityContextHolderFilter@6c524a7f, org.springframework.security.web.header.HeaderWriterFilter@66d0d5ee, org.springframework.web.filter.CorsFilter@276511ca, org.springframework.security.oauth2.client.web.OAuth2AuthorizationRequestRedirectFilter@6a53cddc, org.springframework.security.oauth2.client.web.OAuth2LoginAuthenticationFilter@54422189, home.springbootdeveloper.springbootdeveloper.config.TokenAuthenticationFilter@59dae020, org.springframework.security.web.savedrequest.RequestCacheAwareFilter@61b3de5b, org.springframework.security.web.servletapi.SecurityContextHolderAwareRequestFilter@12c1826, org.springframework.security.web.authentication.AnonymousAuthenticationFilter@62ee32c6, org.springframework.security.web.session.SessionManagementFilter@67aedd28, org.springframework.security.web.access.ExceptionTranslationFilter@1c023dcb, org.springframework.security.web.access.intercept.FilterSecurityInterceptor@cf0e8b4]
2024-07-02T13:02:07.806+09:00  INFO 14820 --- [    Test worker] o.s.b.a.h2.H2ConsoleAutoConfiguration    : H2 console available at '/h2-console'. Database available at 'jdbc:h2:mem:87f18375-0b3b-44d3-8561-7e6e0c2c3156'
2024-07-02T13:02:07.827+09:00  WARN 14820 --- [    Test worker] o.s.s.c.a.web.builders.WebSecurity       : You are asking Spring Security to ignore org.springframework.boot.autoconfigure.security.servlet.PathRequest$H2ConsoleRequestMatcher@6a7a8e1e. This is not recommended -- please use permitAll via HttpSecurity#authorizeHttpRequests instead.
2024-07-02T13:02:07.827+09:00  INFO 14820 --- [    Test worker] o.s.s.web.DefaultSecurityFilterChain     : Will not secure org.springframework.boot.autoconfigure.security.servlet.PathRequest$H2ConsoleRequestMatcher@6a7a8e1e
2024-07-02T13:02:07.827+09:00  WARN 14820 --- [    Test worker] o.s.s.c.a.web.builders.WebSecurity       : You are asking Spring Security to ignore Ant [pattern='/img/**']. This is not recommended -- please use permitAll via HttpSecurity#authorizeHttpRequests instead.
2024-07-02T13:02:07.827+09:00  INFO 14820 --- [    Test worker] o.s.s.web.DefaultSecurityFilterChain     : Will not secure Ant [pattern='/img/**']
2024-07-02T13:02:07.827+09:00  WARN 14820 --- [    Test worker] o.s.s.c.a.web.builders.WebSecurity       : You are asking Spring Security to ignore Ant [pattern='/css/**']. This is not recommended -- please use permitAll via HttpSecurity#authorizeHttpRequests instead.
2024-07-02T13:02:07.828+09:00  INFO 14820 --- [    Test worker] o.s.s.web.DefaultSecurityFilterChain     : Will not secure Ant [pattern='/css/**']
2024-07-02T13:02:07.828+09:00  WARN 14820 --- [    Test worker] o.s.s.c.a.web.builders.WebSecurity       : You are asking Spring Security to ignore Ant [pattern='/js/**']. This is not recommended -- please use permitAll via HttpSecurity#authorizeHttpRequests instead.
2024-07-02T13:02:07.828+09:00  INFO 14820 --- [    Test worker] o.s.s.web.DefaultSecurityFilterChain     : Will not secure Ant [pattern='/js/**']
2024-07-02T13:02:07.889+09:00  INFO 14820 --- [    Test worker] o.s.b.t.m.w.SpringBootMockServletContext : Initializing Spring TestDispatcherServlet ''
2024-07-02T13:02:07.891+09:00  INFO 14820 --- [    Test worker] o.s.t.web.servlet.TestDispatcherServlet  : Initializing Servlet ''
2024-07-02T13:02:07.895+09:00  INFO 14820 --- [    Test worker] o.s.t.web.servlet.TestDispatcherServlet  : Completed initialization in 2 ms
2024-07-02T13:02:07.908+09:00  INFO 14820 --- [    Test worker] h.s.controller.BlogApiControllerTest     : Started BlogApiControllerTest in 1.128 seconds (process running for 10.734)
2024-07-02T13:02:07.917+09:00  INFO 14820 --- [    Test worker] o.s.b.t.m.w.SpringBootMockServletContext : Initializing Spring TestDispatcherServlet ''
2024-07-02T13:02:07.917+09:00  INFO 14820 --- [    Test worker] o.s.t.web.servlet.TestDispatcherServlet  : Initializing Servlet ''
2024-07-02T13:02:07.918+09:00  INFO 14820 --- [    Test worker] o.s.t.web.servlet.TestDispatcherServlet  : Completed initialization in 1 ms
Hibernate: 
    select
        a1_0.id,
        a1_0.author,
        a1_0.content,
        a1_0.created_at,
        a1_0.title,
        a1_0.updated_at 
    from
        article a1_0
Hibernate: 
    delete 
    from
        article 
    where
        id=?
Hibernate: 
    delete 
    from
        article 
    where
        id=?
Hibernate: 
    delete 
    from
        article 
    where
        id=?
Hibernate: 
    select
        u1_0.id,
        u1_0.email,
        u1_0.nickname,
        u1_0.password 
    from
        users u1_0
Hibernate: 
    insert 
    into
        users
        (email, nickname, password, id) 
    values
        (?, ?, ?, default)
Hibernate: 
    insert 
    into
        article
        (author, content, created_at, title, updated_at, id) 
    values
        (?, ?, ?, ?, ?, default)
Hibernate: 
    select
        a1_0.id,
        a1_0.author,
        a1_0.content,
        a1_0.created_at,
        a1_0.title,
        a1_0.updated_at 
    from
        article a1_0 
    where
        a1_0.id=?
Hibernate: 
    delete 
    from
        article 
    where
        id=?
Hibernate: 
    select
        a1_0.id,
        a1_0.author,
        a1_0.content,
        a1_0.created_at,
        a1_0.title,
        a1_0.updated_at 
    from
        article a1_0
2024-07-02T13:02:08.214+09:00  INFO 14820 --- [    Test worker] o.s.b.t.m.w.SpringBootMockServletContext : Initializing Spring TestDispatcherServlet ''
2024-07-02T13:02:08.215+09:00  INFO 14820 --- [    Test worker] o.s.t.web.servlet.TestDispatcherServlet  : Initializing Servlet ''
2024-07-02T13:02:08.216+09:00  INFO 14820 --- [    Test worker] o.s.t.web.servlet.TestDispatcherServlet  : Completed initialization in 1 ms
Hibernate: 
    select
        a1_0.id,
        a1_0.author,
        a1_0.content,
        a1_0.created_at,
        a1_0.title,
        a1_0.updated_at 
    from
        article a1_0
Hibernate: 
    select
        u1_0.id,
        u1_0.email,
        u1_0.nickname,
        u1_0.password 
    from
        users u1_0
Hibernate: 
    delete 
    from
        users 
    where
        id=?
Hibernate: 
    insert 
    into
        users
        (email, nickname, password, id) 
    values
        (?, ?, ?, default)
Hibernate: 
    insert 
    into
        article
        (author, content, created_at, title, updated_at, id) 
    values
        (?, ?, ?, ?, ?, default)
Hibernate: 
    select
        a1_0.id,
        a1_0.author,
        a1_0.content,
        a1_0.created_at,
        a1_0.title,
        a1_0.updated_at 
    from
        article a1_0 
    where
        a1_0.id=?
2024-07-02T13:02:08.361+09:00  INFO 14820 --- [    Test worker] o.s.b.t.m.w.SpringBootMockServletContext : Initializing Spring TestDispatcherServlet ''
2024-07-02T13:02:08.362+09:00  INFO 14820 --- [    Test worker] o.s.t.web.servlet.TestDispatcherServlet  : Initializing Servlet ''
2024-07-02T13:02:08.363+09:00  INFO 14820 --- [    Test worker] o.s.t.web.servlet.TestDispatcherServlet  : Completed initialization in 1 ms
Hibernate: 
    select
        a1_0.id,
        a1_0.author,
        a1_0.content,
        a1_0.created_at,
        a1_0.title,
        a1_0.updated_at 
    from
        article a1_0
Hibernate: 
    delete 
    from
        article 
    where
        id=?
Hibernate: 
    select
        u1_0.id,
        u1_0.email,
        u1_0.nickname,
        u1_0.password 
    from
        users u1_0
Hibernate: 
    delete 
    from
        users 
    where
        id=?
Hibernate: 
    insert 
    into
        users
        (email, nickname, password, id) 
    values
        (?, ?, ?, default)
Hibernate: 
    insert 
    into
        article
        (author, content, created_at, title, updated_at, id) 
    values
        (?, ?, ?, ?, ?, default)
Hibernate: 
    select
        a1_0.id,
        a1_0.author,
        a1_0.content,
        a1_0.created_at,
        a1_0.title,
        a1_0.updated_at 
    from
        article a1_0
2024-07-02T13:02:08.408+09:00  INFO 14820 --- [    Test worker] o.s.b.t.m.w.SpringBootMockServletContext : Initializing Spring TestDispatcherServlet ''
2024-07-02T13:02:08.409+09:00  INFO 14820 --- [    Test worker] o.s.t.web.servlet.TestDispatcherServlet  : Initializing Servlet ''
2024-07-02T13:02:08.411+09:00  INFO 14820 --- [    Test worker] o.s.t.web.servlet.TestDispatcherServlet  : Completed initialization in 1 ms
Hibernate: 
    select
        a1_0.id,
        a1_0.author,
        a1_0.content,
        a1_0.created_at,
        a1_0.title,
        a1_0.updated_at 
    from
        article a1_0
Hibernate: 
    delete 
    from
        article 
    where
        id=?
Hibernate: 
    select
        u1_0.id,
        u1_0.email,
        u1_0.nickname,
        u1_0.password 
    from
        users u1_0
Hibernate: 
    delete 
    from
        users 
    where
        id=?
Hibernate: 
    insert 
    into
        users
        (email, nickname, password, id) 
    values
        (?, ?, ?, default)
Hibernate: 
    insert 
    into
        article
        (author, content, created_at, title, updated_at, id) 
    values
        (?, ?, ?, ?, ?, default)
Hibernate: 
    select
        a1_0.id,
        a1_0.author,
        a1_0.content,
        a1_0.created_at,
        a1_0.title,
        a1_0.updated_at 
    from
        article a1_0
2024-07-02T13:02:08.784+09:00  INFO 14820 --- [    Test worker] o.s.b.t.m.w.SpringBootMockServletContext : Initializing Spring TestDispatcherServlet ''
2024-07-02T13:02:08.784+09:00  INFO 14820 --- [    Test worker] o.s.t.web.servlet.TestDispatcherServlet  : Initializing Servlet ''
2024-07-02T13:02:08.787+09:00  INFO 14820 --- [    Test worker] o.s.t.web.servlet.TestDispatcherServlet  : Completed initialization in 2 ms
Hibernate: 
    select
        a1_0.id,
        a1_0.author,
        a1_0.content,
        a1_0.created_at,
        a1_0.title,
        a1_0.updated_at 
    from
        article a1_0
Hibernate: 
    delete 
    from
        article 
    where
        id=?
Hibernate: 
    select
        u1_0.id,
        u1_0.email,
        u1_0.nickname,
        u1_0.password 
    from
        users u1_0
Hibernate: 
    delete 
    from
        users 
    where
        id=?
Hibernate: 
    insert 
    into
        users
        (email, nickname, password, id) 
    values
        (?, ?, ?, default)
Hibernate: 
    insert 
    into
        article
        (author, content, created_at, title, updated_at, id) 
    values
        (?, ?, ?, ?, ?, default)
Hibernate: 
    select
        a1_0.id,
        a1_0.author,
        a1_0.content,
        a1_0.created_at,
        a1_0.title,
        a1_0.updated_at 
    from
        article a1_0 
    where
        a1_0.id=?
Hibernate: 
    update
        article 
    set
        author=?,
        content=?,
        created_at=?,
        title=?,
        updated_at=? 
    where
        id=?
Hibernate: 
    select
        a1_0.id,
        a1_0.author,
        a1_0.content,
        a1_0.created_at,
        a1_0.title,
        a1_0.updated_at 
    from
        article a1_0 
    where
        a1_0.id=?
]]></system-out>
  <system-err><![CDATA[]]></system-err>
</testsuite>
